<?xml version="1.0" encoding="UTF-8"?>
<!-- Generated by org.testng.reporters.JUnitReportReporter -->
<testsuite hostname="MAVBCP3201" failures="0" tests="1" name="seleniumprojectpack.Recorderscript" time="22.571" errors="0" timestamp="2021-09-28T16:02:47 IST" skipped="0">
  <testcase classname="seleniumprojectpack.Recorderscript" name="testParameterWithXML" time="22.571"/>
  <system-out/>
</testsuite> <!-- seleniumprojectpack.Recorderscript -->
