<?xml version="1.0" encoding="UTF-8"?>
<!-- Generated by org.testng.reporters.JUnitReportReporter -->
<testsuite hostname="MAVBCP3201" failures="0" tests="1" name="seleniumproject.Example" time="17.421" errors="0" timestamp="2021-09-22T11:59:10 IST" skipped="0">
  <testcase classname="seleniumproject.Example" name="mavsel" time="17.421"/>
  <system-out/>
</testsuite> <!-- seleniumproject.Example -->
