<?xml version="1.0" encoding="UTF-8"?>
<!-- Generated by org.testng.reporters.JUnitReportReporter -->
<testsuite hostname="MAVBCP3201" failures="0" tests="1" name="demoqa.vayuga.GroupActivitySel" time="17.701" errors="0" timestamp="2021-09-27T16:48:19 IST" skipped="0">
  <testcase classname="demoqa.vayuga.GroupActivitySel" name="demoguru99" time="17.701"/>
  <system-out/>
</testsuite> <!-- demoqa.vayuga.GroupActivitySel -->
